ActivityTest/app/build/outputs/logs/manifest-merger-debug-report.txt
-- Merging decision tree log ---
manifest
ADDED from src\main\AndroidManifest.xml:1:1-42:12
	package
		ADDED from src\main\AndroidManifest.xml:2:5-39
		INJECTED from src\main\AndroidManifest.xml
		INJECTED from src\main\AndroidManifest.xml
	android:versionName
		ADDED from src\main\AndroidManifest.xml:4:5-30
		INJECTED from src\main\AndroidManifest.xml
		INJECTED from src\main\AndroidManifest.xml
	android:versionCode
		ADDED from src\main\AndroidManifest.xml:3:5-28
		INJECTED from src\main\AndroidManifest.xml
		INJECTED from src\main\AndroidManifest.xml
	xmlns:android
		ADDED from src\main\AndroidManifest.xml:1:11-69
uses-sdk
ADDED from src\main\AndroidManifest.xml:6:5-8:41
	android:targetSdkVersion
		ADDED from src\main\AndroidManifest.xml:8:9-38
		INJECTED from src\main\AndroidManifest.xml
		INJECTED from src\main\AndroidManifest.xml
	android:minSdkVersion
		ADDED from src\main\AndroidManifest.xml:7:9-35
		INJECTED from src\main\AndroidManifest.xml
		INJECTED from src\main\AndroidManifest.xml
application
ADDED from src\main\AndroidManifest.xml:10:5-40:19
	android:label
		ADDED from src\main\AndroidManifest.xml:13:9-41
	android:allowBackup
		ADDED from src\main\AndroidManifest.xml:11:9-35
	android:icon
		ADDED from src\main\AndroidManifest.xml:12:9-45
	android:theme
		ADDED from src\main\AndroidManifest.xml:14:9-40
activity#com.example.activitytest.FirstActivity
ADDED from src\main\AndroidManifest.xml:15:9-23:24
	android:label
		ADDED from src\main\AndroidManifest.xml:18:14-51
	android:launchMode
		ADDED from src\main\AndroidManifest.xml:17:14-45
	android:name
		ADDED from src\main\AndroidManifest.xml:16:14-67
intent-filter#android.intent.action.MAIN+android.intent.category.LAUNCHER
ADDED from src\main\AndroidManifest.xml:19:14-22:30
action#android.intent.action.MAIN
ADDED from src\main\AndroidManifest.xml:20:18-69
	android:name
		ADDED from src\main\AndroidManifest.xml:20:26-67
category#android.intent.category.LAUNCHER
ADDED from src\main\AndroidManifest.xml:21:18-77
	android:name
		ADDED from src\main\AndroidManifest.xml:21:28-75
activity#com.example.activitytest.SecondActivity
ADDED from src\main\AndroidManifest.xml:25:9-32:24
	android:launchMode
		ADDED from src\main\AndroidManifest.xml:26:13-48
	android:name
		ADDED from src\main\AndroidManifest.xml:25:19-73
intent-filter#android.intent.category.DEFAULT+com.example.activitytest.ACTION_START+com.example.activitytest.MY_CATEGORY
ADDED from src\main\AndroidManifest.xml:27:17-31:33
action#com.example.activitytest.ACTION_START
ADDED from src\main\AndroidManifest.xml:28:17-80
	android:name
		ADDED from src\main\AndroidManifest.xml:28:25-77
category#android.intent.category.DEFAULT
ADDED from src\main\AndroidManifest.xml:29:17-76
	android:name
		ADDED from src\main\AndroidManifest.xml:29:27-73
category#com.example.activitytest.MY_CATEGORY
ADDED from src\main\AndroidManifest.xml:30:17-80
	android:name
		ADDED from src\main\AndroidManifest.xml:30:27-78
activity#com.example.activitytest.ThirdActivity
ADDED from src\main\AndroidManifest.xml:33:13-39:24
	android:name
		ADDED from src\main\AndroidManifest.xml:33:23-52
intent-filter#android.intent.action.VIEW+android.intent.category.DEFAULT
ADDED from src\main\AndroidManifest.xml:34:17-38:33
action#android.intent.action.VIEW
ADDED from src\main\AndroidManifest.xml:35:21-73
	android:name
		ADDED from src\main\AndroidManifest.xml:35:29-70
data
ADDED from src\main\AndroidManifest.xml:37:21-51
	android:scheme
		ADDED from src\main\AndroidManifest.xml:37:27-48